<?xml version="1.0" encoding="UTF-8"?>
<testsuite name="com.truckla.cars.services.FleetStatisticsServiceTest" tests="2" skipped="0" failures="0" errors="0" timestamp="2021-03-30T22:08:09" hostname="Temitopes-MacBook-Pro.fritz.box" time="0.378">
  <properties/>
  <testcase name="oneCar()" classname="com.truckla.cars.services.FleetStatisticsServiceTest" time="0.372"/>
  <testcase name="twoCars()" classname="com.truckla.cars.services.FleetStatisticsServiceTest" time="0.004"/>
  <system-out><![CDATA[]]></system-out>
  <system-err><![CDATA[]]></system-err>
</testsuite>
