<?xml version="1.0" encoding="UTF-8"?>
<testsuite name="com.truckla.cars.CarsApplicationTest" tests="1" skipped="0" failures="0" errors="0" timestamp="2021-03-30T22:08:07" hostname="Temitopes-MacBook-Pro.fritz.box" time="0.437">
  <properties/>
  <testcase name="contextLoads()" classname="com.truckla.cars.CarsApplicationTest" time="0.437"/>
  <system-out><![CDATA[00:08:00.981 [Test worker] DEBUG org.springframework.test.context.BootstrapUtils - Instantiating CacheAwareContextLoaderDelegate from class [org.springframework.test.context.cache.DefaultCacheAwareContextLoaderDelegate]
00:08:00.996 [Test worker] DEBUG org.springframework.test.context.BootstrapUtils - Instantiating BootstrapContext using constructor [public org.springframework.test.context.support.DefaultBootstrapContext(java.lang.Class,org.springframework.test.context.CacheAwareContextLoaderDelegate)]
00:08:01.033 [Test worker] DEBUG org.springframework.test.context.BootstrapUtils - Instantiating TestContextBootstrapper for test class [com.truckla.cars.CarsApplicationTest] from class [org.springframework.boot.test.context.SpringBootTestContextBootstrapper]
00:08:01.051 [Test worker] INFO org.springframework.boot.test.context.SpringBootTestContextBootstrapper - Neither @ContextConfiguration nor @ContextHierarchy found for test class [com.truckla.cars.CarsApplicationTest], using SpringBootContextLoader
00:08:01.057 [Test worker] DEBUG org.springframework.test.context.support.AbstractContextLoader - Did not detect default resource location for test class [com.truckla.cars.CarsApplicationTest]: class path resource [com/truckla/cars/CarsApplicationTest-context.xml] does not exist
00:08:01.057 [Test worker] DEBUG org.springframework.test.context.support.AbstractContextLoader - Did not detect default resource location for test class [com.truckla.cars.CarsApplicationTest]: class path resource [com/truckla/cars/CarsApplicationTestContext.groovy] does not exist
00:08:01.058 [Test worker] INFO org.springframework.test.context.support.AbstractContextLoader - Could not detect default resource locations for test class [com.truckla.cars.CarsApplicationTest]: no resource found for suffixes {-context.xml, Context.groovy}.
00:08:01.059 [Test worker] INFO org.springframework.test.context.support.AnnotationConfigContextLoaderUtils - Could not detect default configuration classes for test class [com.truckla.cars.CarsApplicationTest]: CarsApplicationTest does not declare any static, non-private, non-final, nested classes annotated with @Configuration.
00:08:01.117 [Test worker] DEBUG org.springframework.test.context.support.ActiveProfilesUtils - Could not find an 'annotation declaring class' for annotation type [org.springframework.test.context.ActiveProfiles] and class [com.truckla.cars.CarsApplicationTest]
00:08:01.191 [Test worker] DEBUG org.springframework.context.annotation.ClassPathScanningCandidateComponentProvider - Identified candidate component class: file [/Users/temitope/Documents/devops/car-project/cars-api/build/classes/java/main/com/truckla/cars/CarsApplication.class]
00:08:01.210 [Test worker] INFO org.springframework.boot.test.context.SpringBootTestContextBootstrapper - Found @SpringBootConfiguration com.truckla.cars.CarsApplication for test class com.truckla.cars.CarsApplicationTest
00:08:01.320 [Test worker] DEBUG org.springframework.boot.test.context.SpringBootTestContextBootstrapper - @TestExecutionListeners is not present for class [com.truckla.cars.CarsApplicationTest]: using defaults.
00:08:01.321 [Test worker] INFO org.springframework.boot.test.context.SpringBootTestContextBootstrapper - Loaded default TestExecutionListener class names from location [META-INF/spring.factories]: [org.springframework.boot.test.autoconfigure.restdocs.RestDocsTestExecutionListener, org.springframework.boot.test.autoconfigure.web.client.MockRestServiceServerResetTestExecutionListener, org.springframework.boot.test.autoconfigure.web.servlet.MockMvcPrintOnlyOnFailureTestExecutionListener, org.springframework.boot.test.autoconfigure.web.servlet.WebDriverTestExecutionListener, org.springframework.boot.test.mock.mockito.MockitoTestExecutionListener, org.springframework.boot.test.mock.mockito.ResetMocksTestExecutionListener, org.springframework.test.context.web.ServletTestExecutionListener, org.springframework.test.context.support.DirtiesContextBeforeModesTestExecutionListener, org.springframework.test.context.support.DependencyInjectionTestExecutionListener, org.springframework.test.context.support.DirtiesContextTestExecutionListener, org.springframework.test.context.transaction.TransactionalTestExecutionListener, org.springframework.test.context.jdbc.SqlScriptsTestExecutionListener, org.springframework.test.context.event.EventPublishingTestExecutionListener]
00:08:01.341 [Test worker] INFO org.springframework.boot.test.context.SpringBootTestContextBootstrapper - Using TestExecutionListeners: [org.springframework.test.context.web.ServletTestExecutionListener@412c03c3, org.springframework.test.context.support.DirtiesContextBeforeModesTestExecutionListener@7c3f0a22, org.springframework.boot.test.mock.mockito.MockitoTestExecutionListener@3182327a, org.springframework.boot.test.autoconfigure.SpringBootDependencyInjectionTestExecutionListener@5760ff0e, org.springframework.test.context.support.DirtiesContextTestExecutionListener@7673cc3a, org.springframework.test.context.transaction.TransactionalTestExecutionListener@7219a6cc, org.springframework.test.context.jdbc.SqlScriptsTestExecutionListener@52284b17, org.springframework.test.context.event.EventPublishingTestExecutionListener@26046d3, org.springframework.boot.test.autoconfigure.restdocs.RestDocsTestExecutionListener@6a1a48b9, org.springframework.boot.test.autoconfigure.web.client.MockRestServiceServerResetTestExecutionListener@550aacf0, org.springframework.boot.test.autoconfigure.web.servlet.MockMvcPrintOnlyOnFailureTestExecutionListener@45ea25b5, org.springframework.boot.test.autoconfigure.web.servlet.WebDriverTestExecutionListener@45bcb505, org.springframework.boot.test.mock.mockito.ResetMocksTestExecutionListener@7d5b728b]
00:08:01.347 [Test worker] DEBUG org.springframework.test.context.support.AbstractDirtiesContextTestExecutionListener - Before test class: context [DefaultTestContext@7216e3d3 testClass = CarsApplicationTest, testInstance = [null], testMethod = [null], testException = [null], mergedContextConfiguration = [WebMergedContextConfiguration@46a6b75e testClass = CarsApplicationTest, locations = '{}', classes = '{class com.truckla.cars.CarsApplication}', contextInitializerClasses = '[]', activeProfiles = '{}', propertySourceLocations = '{}', propertySourceProperties = '{org.springframework.boot.test.context.SpringBootTestContextBootstrapper=true}', contextCustomizers = set[org.springframework.boot.test.autoconfigure.properties.PropertyMappingContextCustomizer@0, org.springframework.boot.test.autoconfigure.web.servlet.WebDriverContextCustomizerFactory$Customizer@3a09af1, org.springframework.boot.test.context.filter.ExcludeFilterContextCustomizer@17d0a425, org.springframework.boot.test.json.DuplicateJsonObjectContextCustomizerFactory$DuplicateJsonObjectContextCustomizer@1fcedccf, org.springframework.boot.test.mock.mockito.MockitoContextCustomizer@0, org.springframework.boot.test.web.client.TestRestTemplateContextCustomizer@5fc17cf3], resourceBasePath = 'src/main/webapp', contextLoader = 'org.springframework.boot.test.context.SpringBootContextLoader', parent = [null]], attributes = map['org.springframework.test.context.web.ServletTestExecutionListener.activateListener' -> true]], class annotated with @DirtiesContext [false] with mode [null].
00:08:01.382 [Test worker] DEBUG org.springframework.test.context.support.TestPropertySourceUtils - Adding inlined properties to environment: {spring.jmx.enabled=false, org.springframework.boot.test.context.SpringBootTestContextBootstrapper=true, server.port=-1}

  .   ____          _            __ _ _
 /\\ / ___'_ __ _ _(_)_ __  __ _ \ \ \ \
( ( )\___ | '_ | '_| | '_ \/ _` | \ \ \ \
 \\/  ___)| |_)| | | | | || (_| |  ) ) ) )
  '  |____| .__|_| |_|_| |_\__, | / / / /
 =========|_|==============|___/=/_/_/_/
 :: Spring Boot ::        (v2.2.4.RELEASE)

2021-03-31 00:08:01.811  INFO 12965 --- [    Test worker] com.truckla.cars.CarsApplicationTest     : Starting CarsApplicationTest on Temitopes-MacBook-Pro.fritz.box with PID 12965 (started by temitope in /Users/temitope/Documents/devops/car-project/cars-api)
2021-03-31 00:08:01.813  INFO 12965 --- [    Test worker] com.truckla.cars.CarsApplicationTest     : No active profile set, falling back to default profiles: default
2021-03-31 00:08:02.876  INFO 12965 --- [    Test worker] .s.d.r.c.RepositoryConfigurationDelegate : Bootstrapping Spring Data JPA repositories in DEFAULT mode.
2021-03-31 00:08:02.938  INFO 12965 --- [    Test worker] .s.d.r.c.RepositoryConfigurationDelegate : Finished Spring Data repository scanning in 53ms. Found 1 JPA repository interfaces.
2021-03-31 00:08:03.288  INFO 12965 --- [    Test worker] trationDelegate$BeanPostProcessorChecker : Bean 'org.springframework.transaction.annotation.ProxyTransactionManagementConfiguration' of type [org.springframework.transaction.annotation.ProxyTransactionManagementConfiguration] is not eligible for getting processed by all BeanPostProcessors (for example: not eligible for auto-proxying)
2021-03-31 00:08:03.569  INFO 12965 --- [    Test worker] com.zaxxer.hikari.HikariDataSource       : HikariPool-1 - Starting...
2021-03-31 00:08:03.790  INFO 12965 --- [    Test worker] com.zaxxer.hikari.HikariDataSource       : HikariPool-1 - Start completed.
2021-03-31 00:08:03.876  INFO 12965 --- [    Test worker] o.hibernate.jpa.internal.util.LogHelper  : HHH000204: Processing PersistenceUnitInfo [name: default]
2021-03-31 00:08:03.968  INFO 12965 --- [    Test worker] org.hibernate.Version                    : HHH000412: Hibernate Core {5.4.10.Final}
2021-03-31 00:08:04.184  INFO 12965 --- [    Test worker] o.hibernate.annotations.common.Version   : HCANN000001: Hibernate Commons Annotations {5.1.0.Final}
2021-03-31 00:08:04.339  INFO 12965 --- [    Test worker] org.hibernate.dialect.Dialect            : HHH000400: Using dialect: org.hibernate.dialect.H2Dialect
2021-03-31 00:08:05.056  INFO 12965 --- [    Test worker] o.h.e.t.j.p.i.JtaPlatformInitiator       : HHH000490: Using JtaPlatform implementation: [org.hibernate.engine.transaction.jta.platform.internal.NoJtaPlatform]
2021-03-31 00:08:05.063  INFO 12965 --- [    Test worker] j.LocalContainerEntityManagerFactoryBean : Initialized JPA EntityManagerFactory for persistence unit 'default'
2021-03-31 00:08:05.701  WARN 12965 --- [    Test worker] JpaBaseConfiguration$JpaWebConfiguration : spring.jpa.open-in-view is enabled by default. Therefore, database queries may be performed during view rendering. Explicitly configure spring.jpa.open-in-view to disable this warning
2021-03-31 00:08:06.121  INFO 12965 --- [    Test worker] o.s.s.concurrent.ThreadPoolTaskExecutor  : Initializing ExecutorService 'applicationTaskExecutor'
2021-03-31 00:08:06.894  INFO 12965 --- [    Test worker] o.s.b.a.h2.H2ConsoleAutoConfiguration    : H2 console available at '/h2-console'. Database available at 'jdbc:h2:mem:testdb'
2021-03-31 00:08:06.970  INFO 12965 --- [    Test worker] o.s.b.a.e.web.EndpointLinksResolver      : Exposing 2 endpoint(s) beneath base path '/actuator'
2021-03-31 00:08:07.039  INFO 12965 --- [    Test worker] com.truckla.cars.CarsApplicationTest     : Started CarsApplicationTest in 5.646 seconds (JVM running for 7.013)
]]></system-out>
  <system-err><![CDATA[]]></system-err>
</testsuite>
