<?xml version="1.0" encoding="UTF-8"?>
<testsuite name="com.truckla.cars.CarsControllerTest" tests="1" skipped="0" failures="0" errors="0" timestamp="2021-03-30T22:08:09" hostname="Temitopes-MacBook-Pro.fritz.box" time="0.222">
  <properties/>
  <testcase name="testOneCar()" classname="com.truckla.cars.CarsControllerTest" time="0.222"/>
  <system-out><![CDATA[2021-03-31 00:08:07.542  INFO 12965 --- [    Test worker] .b.t.c.SpringBootTestContextBootstrapper : Neither @ContextConfiguration nor @ContextHierarchy found for test class [com.truckla.cars.CarsControllerTest], using SpringBootContextLoader
2021-03-31 00:08:07.543  INFO 12965 --- [    Test worker] o.s.t.c.support.AbstractContextLoader    : Could not detect default resource locations for test class [com.truckla.cars.CarsControllerTest]: no resource found for suffixes {-context.xml, Context.groovy}.
2021-03-31 00:08:07.543  INFO 12965 --- [    Test worker] t.c.s.AnnotationConfigContextLoaderUtils : Could not detect default configuration classes for test class [com.truckla.cars.CarsControllerTest]: CarsControllerTest does not declare any static, non-private, non-final, nested classes annotated with @Configuration.
2021-03-31 00:08:07.551  INFO 12965 --- [    Test worker] .b.t.c.SpringBootTestContextBootstrapper : Found @SpringBootConfiguration com.truckla.cars.CarsApplication for test class com.truckla.cars.CarsControllerTest
2021-03-31 00:08:07.553  INFO 12965 --- [    Test worker] .b.t.c.SpringBootTestContextBootstrapper : Loaded default TestExecutionListener class names from location [META-INF/spring.factories]: [org.springframework.boot.test.autoconfigure.restdocs.RestDocsTestExecutionListener, org.springframework.boot.test.autoconfigure.web.client.MockRestServiceServerResetTestExecutionListener, org.springframework.boot.test.autoconfigure.web.servlet.MockMvcPrintOnlyOnFailureTestExecutionListener, org.springframework.boot.test.autoconfigure.web.servlet.WebDriverTestExecutionListener, org.springframework.boot.test.mock.mockito.MockitoTestExecutionListener, org.springframework.boot.test.mock.mockito.ResetMocksTestExecutionListener, org.springframework.test.context.web.ServletTestExecutionListener, org.springframework.test.context.support.DirtiesContextBeforeModesTestExecutionListener, org.springframework.test.context.support.DependencyInjectionTestExecutionListener, org.springframework.test.context.support.DirtiesContextTestExecutionListener, org.springframework.test.context.transaction.TransactionalTestExecutionListener, org.springframework.test.context.jdbc.SqlScriptsTestExecutionListener, org.springframework.test.context.event.EventPublishingTestExecutionListener]
2021-03-31 00:08:07.554  INFO 12965 --- [    Test worker] .b.t.c.SpringBootTestContextBootstrapper : Using TestExecutionListeners: [org.springframework.test.context.web.ServletTestExecutionListener@7e3722b7, org.springframework.test.context.support.DirtiesContextBeforeModesTestExecutionListener@4742f24f, org.springframework.boot.test.mock.mockito.MockitoTestExecutionListener@1d26378, org.springframework.boot.test.autoconfigure.SpringBootDependencyInjectionTestExecutionListener@5d3ae72c, org.springframework.test.context.support.DirtiesContextTestExecutionListener@1adf54a6, org.springframework.test.context.transaction.TransactionalTestExecutionListener@4adf1d38, org.springframework.test.context.jdbc.SqlScriptsTestExecutionListener@58047eb8, org.springframework.test.context.event.EventPublishingTestExecutionListener@528df113, org.springframework.boot.test.autoconfigure.restdocs.RestDocsTestExecutionListener@3297f580, org.springframework.boot.test.autoconfigure.web.client.MockRestServiceServerResetTestExecutionListener@130837, org.springframework.boot.test.autoconfigure.web.servlet.MockMvcPrintOnlyOnFailureTestExecutionListener@7b994733, org.springframework.boot.test.autoconfigure.web.servlet.WebDriverTestExecutionListener@4621243a, org.springframework.boot.test.mock.mockito.ResetMocksTestExecutionListener@4b17f28b]

  .   ____          _            __ _ _
 /\\ / ___'_ __ _ _(_)_ __  __ _ \ \ \ \
( ( )\___ | '_ | '_| | '_ \/ _` | \ \ \ \
 \\/  ___)| |_)| | | | | || (_| |  ) ) ) )
  '  |____| .__|_| |_|_| |_\__, | / / / /
 =========|_|==============|___/=/_/_/_/
 :: Spring Boot ::        (v2.2.4.RELEASE)

2021-03-31 00:08:07.588  INFO 12965 --- [    Test worker] com.truckla.cars.CarsControllerTest      : Starting CarsControllerTest on Temitopes-MacBook-Pro.fritz.box with PID 12965 (started by temitope in /Users/temitope/Documents/devops/car-project/cars-api)
2021-03-31 00:08:07.589  INFO 12965 --- [    Test worker] com.truckla.cars.CarsControllerTest      : No active profile set, falling back to default profiles: default
2021-03-31 00:08:07.958  INFO 12965 --- [    Test worker] .s.d.r.c.RepositoryConfigurationDelegate : Bootstrapping Spring Data JPA repositories in DEFAULT mode.
2021-03-31 00:08:07.969  INFO 12965 --- [    Test worker] .s.d.r.c.RepositoryConfigurationDelegate : Finished Spring Data repository scanning in 10ms. Found 1 JPA repository interfaces.
2021-03-31 00:08:08.076  INFO 12965 --- [    Test worker] trationDelegate$BeanPostProcessorChecker : Bean 'org.springframework.transaction.annotation.ProxyTransactionManagementConfiguration' of type [org.springframework.transaction.annotation.ProxyTransactionManagementConfiguration] is not eligible for getting processed by all BeanPostProcessors (for example: not eligible for auto-proxying)
2021-03-31 00:08:08.171  INFO 12965 --- [    Test worker] com.zaxxer.hikari.HikariDataSource       : HikariPool-2 - Starting...
2021-03-31 00:08:08.172  INFO 12965 --- [    Test worker] com.zaxxer.hikari.HikariDataSource       : HikariPool-2 - Start completed.
2021-03-31 00:08:08.190  INFO 12965 --- [    Test worker] o.hibernate.jpa.internal.util.LogHelper  : HHH000204: Processing PersistenceUnitInfo [name: default]
2021-03-31 00:08:08.194  INFO 12965 --- [    Test worker] org.hibernate.dialect.Dialect            : HHH000400: Using dialect: org.hibernate.dialect.H2Dialect
2021-03-31 00:08:08.230  INFO 12965 --- [    Test worker] o.h.e.t.j.p.i.JtaPlatformInitiator       : HHH000490: Using JtaPlatform implementation: [org.hibernate.engine.transaction.jta.platform.internal.NoJtaPlatform]
2021-03-31 00:08:08.230  INFO 12965 --- [    Test worker] j.LocalContainerEntityManagerFactoryBean : Initialized JPA EntityManagerFactory for persistence unit 'default'
2021-03-31 00:08:08.541  WARN 12965 --- [    Test worker] JpaBaseConfiguration$JpaWebConfiguration : spring.jpa.open-in-view is enabled by default. Therefore, database queries may be performed during view rendering. Explicitly configure spring.jpa.open-in-view to disable this warning
2021-03-31 00:08:08.772  INFO 12965 --- [    Test worker] o.s.s.concurrent.ThreadPoolTaskExecutor  : Initializing ExecutorService 'applicationTaskExecutor'
2021-03-31 00:08:09.151  INFO 12965 --- [    Test worker] o.s.b.a.h2.H2ConsoleAutoConfiguration    : H2 console available at '/h2-console'. Database available at 'jdbc:h2:mem:testdb'
2021-03-31 00:08:09.222  INFO 12965 --- [    Test worker] o.s.b.t.m.w.SpringBootMockServletContext : Initializing Spring TestDispatcherServlet ''
2021-03-31 00:08:09.222  INFO 12965 --- [    Test worker] o.s.t.web.servlet.TestDispatcherServlet  : Initializing Servlet ''
2021-03-31 00:08:09.234  INFO 12965 --- [    Test worker] o.s.b.a.e.web.EndpointLinksResolver      : Exposing 2 endpoint(s) beneath base path '/actuator'
2021-03-31 00:08:09.268  INFO 12965 --- [    Test worker] o.s.t.web.servlet.TestDispatcherServlet  : Completed initialization in 45 ms
2021-03-31 00:08:09.296  INFO 12965 --- [    Test worker] com.truckla.cars.CarsControllerTest      : Started CarsControllerTest in 1.738 seconds (JVM running for 9.27)
]]></system-out>
  <system-err><![CDATA[]]></system-err>
</testsuite>
